<?xml version="1.0" encoding="UTF-8" ?>
<testsuite tests="28" failures="0" name="com.sg.superherogame.test.SuperHeroDaoTest" time="3.083" errors="0" skipped="0">
  <properties>
    <property name="java.runtime.name" value="Java(TM) SE Runtime Environment"/>
    <property name="sun.boot.library.path" value="/Library/Java/JavaVirtualMachines/jdk1.8.0_144.jdk/Contents/Home/jre/lib"/>
    <property name="java.vm.version" value="25.144-b01"/>
    <property name="gopherProxySet" value="false"/>
    <property name="java.vm.vendor" value="Oracle Corporation"/>
    <property name="maven.multiModuleProjectDirectory" value="/Users/jeffolupo/Documents/repos/bitBucket/jeff-olupo-individual-work/SuperHeroGame"/>
    <property name="java.vendor.url" value="http://java.oracle.com/"/>
    <property name="path.separator" value=":"/>
    <property name="guice.disable.misplaced.annotation.check" value="true"/>
    <property name="java.vm.name" value="Java HotSpot(TM) 64-Bit Server VM"/>
    <property name="file.encoding.pkg" value="sun.io"/>
    <property name="user.country" value="US"/>
    <property name="sun.java.launcher" value="SUN_STANDARD"/>
    <property name="sun.os.patch.level" value="unknown"/>
    <property name="java.vm.specification.name" value="Java Virtual Machine Specification"/>
    <property name="user.dir" value="/Users/jeffolupo/Documents/repos/bitBucket/jeff-olupo-individual-work/SuperHeroGame"/>
    <property name="java.runtime.version" value="1.8.0_144-b01"/>
    <property name="java.awt.graphicsenv" value="sun.awt.CGraphicsEnvironment"/>
    <property name="java.endorsed.dirs" value="/Library/Java/JavaVirtualMachines/jdk1.8.0_144.jdk/Contents/Home/jre/lib/endorsed"/>
    <property name="os.arch" value="x86_64"/>
    <property name="java.io.tmpdir" value="/var/folders/cd/58ynzjmx20g1sfs6tqvb3bs40000gn/T/"/>
    <property name="line.separator" value="
"/>
    <property name="java.vm.specification.vendor" value="Oracle Corporation"/>
    <property name="os.name" value="Mac OS X"/>
    <property name="maven.ext.class.path" value="/Applications/NetBeans/NetBeans 8.2.app/Contents/Resources/NetBeans/java/maven-nblib/netbeans-eventspy.jar"/>
    <property name="classworlds.conf" value="/Users/jeffolupo/apache-maven-3.5.0/bin/m2.conf"/>
    <property name="sun.jnu.encoding" value="UTF-8"/>
    <property name="java.library.path" value="/Users/jeffolupo/Library/Java/Extensions:/Library/Java/Extensions:/Network/Library/Java/Extensions:/System/Library/Java/Extensions:/usr/lib/java:."/>
    <property name="maven.conf" value="/Users/jeffolupo/apache-maven-3.5.0/conf"/>
    <property name="java.specification.name" value="Java Platform API Specification"/>
    <property name="java.class.version" value="52.0"/>
    <property name="sun.management.compiler" value="HotSpot 64-Bit Tiered Compilers"/>
    <property name="os.version" value="10.12.6"/>
    <property name="library.jansi.path" value="/Users/jeffolupo/apache-maven-3.5.0/lib/jansi-native/osx64"/>
    <property name="http.nonProxyHosts" value="local|*.local|169.254/16|*.169.254/16"/>
    <property name="user.home" value="/Users/jeffolupo"/>
    <property name="user.timezone" value="America/Chicago"/>
    <property name="java.awt.printerjob" value="sun.lwawt.macosx.CPrinterJob"/>
    <property name="java.specification.version" value="1.8"/>
    <property name="file.encoding" value="UTF-8"/>
    <property name="user.name" value="jeffolupo"/>
    <property name="java.class.path" value="/Users/jeffolupo/apache-maven-3.5.0/boot/plexus-classworlds-2.5.2.jar"/>
    <property name="java.vm.specification.version" value="1.8"/>
    <property name="sun.arch.data.model" value="64"/>
    <property name="java.home" value="/Library/Java/JavaVirtualMachines/jdk1.8.0_144.jdk/Contents/Home/jre"/>
    <property name="sun.java.command" value="org.codehaus.plexus.classworlds.launcher.Launcher -Dmaven.ext.class.path=/Applications/NetBeans/NetBeans 8.2.app/Contents/Resources/NetBeans/java/maven-nblib/netbeans-eventspy.jar clean install"/>
    <property name="java.specification.vendor" value="Oracle Corporation"/>
    <property name="user.language" value="en"/>
    <property name="awt.toolkit" value="sun.lwawt.macosx.LWCToolkit"/>
    <property name="java.vm.info" value="mixed mode"/>
    <property name="java.version" value="1.8.0_144"/>
    <property name="java.ext.dirs" value="/Users/jeffolupo/Library/Java/Extensions:/Library/Java/JavaVirtualMachines/jdk1.8.0_144.jdk/Contents/Home/jre/lib/ext:/Library/Java/Extensions:/Network/Library/Java/Extensions:/System/Library/Java/Extensions:/usr/lib/java"/>
    <property name="sun.boot.class.path" value="/Library/Java/JavaVirtualMachines/jdk1.8.0_144.jdk/Contents/Home/jre/lib/resources.jar:/Library/Java/JavaVirtualMachines/jdk1.8.0_144.jdk/Contents/Home/jre/lib/rt.jar:/Library/Java/JavaVirtualMachines/jdk1.8.0_144.jdk/Contents/Home/jre/lib/sunrsasign.jar:/Library/Java/JavaVirtualMachines/jdk1.8.0_144.jdk/Contents/Home/jre/lib/jsse.jar:/Library/Java/JavaVirtualMachines/jdk1.8.0_144.jdk/Contents/Home/jre/lib/jce.jar:/Library/Java/JavaVirtualMachines/jdk1.8.0_144.jdk/Contents/Home/jre/lib/charsets.jar:/Library/Java/JavaVirtualMachines/jdk1.8.0_144.jdk/Contents/Home/jre/lib/jfr.jar:/Library/Java/JavaVirtualMachines/jdk1.8.0_144.jdk/Contents/Home/jre/classes"/>
    <property name="java.vendor" value="Oracle Corporation"/>
    <property name="maven.home" value="/Users/jeffolupo/apache-maven-3.5.0"/>
    <property name="file.separator" value="/"/>
    <property name="java.vendor.url.bug" value="http://bugreport.sun.com/bugreport/"/>
    <property name="sun.cpu.endian" value="little"/>
    <property name="sun.io.unicode.encoding" value="UnicodeBig"/>
    <property name="socksNonProxyHosts" value="local|*.local|169.254/16|*.169.254/16"/>
    <property name="ftp.nonProxyHosts" value="local|*.local|169.254/16|*.169.254/16"/>
    <property name="sun.cpu.isalist" value=""/>
  </properties>
  <testcase classname="com.sg.superherogame.test.SuperHeroDaoTest" name="testAddHeroAndGetHero" time="0.866"/>
  <testcase classname="com.sg.superherogame.test.SuperHeroDaoTest" name="testDeleteOrganization" time="0.104"/>
  <testcase classname="com.sg.superherogame.test.SuperHeroDaoTest" name="testDeletePower" time="0.108"/>
  <testcase classname="com.sg.superherogame.test.SuperHeroDaoTest" name="testGetAllOrganizations" time="0.083"/>
  <testcase classname="com.sg.superherogame.test.SuperHeroDaoTest" name="testDeleteLocation" time="0.074"/>
  <testcase classname="com.sg.superherogame.test.SuperHeroDaoTest" name="testUpdatePower" time="0.083"/>
  <testcase classname="com.sg.superherogame.test.SuperHeroDaoTest" name="testAddOrganization" time="0.092"/>
  <testcase classname="com.sg.superherogame.test.SuperHeroDaoTest" name="testGetAllHeros" time="0.081"/>
  <testcase classname="com.sg.superherogame.test.SuperHeroDaoTest" name="testUpdateHero" time="0.098"/>
  <testcase classname="com.sg.superherogame.test.SuperHeroDaoTest" name="testGetHeroesByLocation" time="0.074"/>
  <testcase classname="com.sg.superherogame.test.SuperHeroDaoTest" name="testGetAllSightings" time="0.11"/>
  <testcase classname="com.sg.superherogame.test.SuperHeroDaoTest" name="testAddAttitudeAndGetAttitude" time="0.075"/>
  <testcase classname="com.sg.superherogame.test.SuperHeroDaoTest" name="testAddSightingAndGetSighting" time="0.099"/>
  <testcase classname="com.sg.superherogame.test.SuperHeroDaoTest" name="testGetOrganizationOfHero" time="0.065"/>
  <testcase classname="com.sg.superherogame.test.SuperHeroDaoTest" name="testGetAllHeroesInOrganization" time="0.081"/>
  <testcase classname="com.sg.superherogame.test.SuperHeroDaoTest" name="testAddPowerAndGetPower" time="0.088"/>
  <testcase classname="com.sg.superherogame.test.SuperHeroDaoTest" name="testUpdateSighting" time="0.073"/>
  <testcase classname="com.sg.superherogame.test.SuperHeroDaoTest" name="testGetHeroesSightedByDate" time="0.065"/>
  <testcase classname="com.sg.superherogame.test.SuperHeroDaoTest" name="testUpdateAttitude" time="0.065"/>
  <testcase classname="com.sg.superherogame.test.SuperHeroDaoTest" name="testUpdateAndGetOrganization" time="0.061"/>
  <testcase classname="com.sg.superherogame.test.SuperHeroDaoTest" name="testDeleteSightingAndGet" time="0.061"/>
  <testcase classname="com.sg.superherogame.test.SuperHeroDaoTest" name="testDeleteHero" time="0.07"/>
  <testcase classname="com.sg.superherogame.test.SuperHeroDaoTest" name="testGetAllLocationsSightedByDate" time="0.064"/>
  <testcase classname="com.sg.superherogame.test.SuperHeroDaoTest" name="testGetAllLocations" time="0.063"/>
  <testcase classname="com.sg.superherogame.test.SuperHeroDaoTest" name="testUpdateLocation" time="0.15"/>
  <testcase classname="com.sg.superherogame.test.SuperHeroDaoTest" name="testDeleteAttitude" time="0.074"/>
  <testcase classname="com.sg.superherogame.test.SuperHeroDaoTest" name="testGetLocationsOfHero" time="0.069"/>
  <testcase classname="com.sg.superherogame.test.SuperHeroDaoTest" name="testAddAndGetLocation" time="0.087"/>
</testsuite>